#-----------------------------------------------------------
# Vivado v2018.2 (64-bit)
# SW Build 2258646 on Thu Jun 14 20:02:38 MDT 2018
# IP Build 2256618 on Thu Jun 14 22:10:49 MDT 2018
# Start of session at: Tue May 21 20:17:59 2024
# Process ID: 9426
# Current directory: /nfs/home/a/ac_pate/COEN313/mylab2/code
# Command line: vivado
# Log file: /nfs/home/a/ac_pate/COEN313/mylab2/code/vivado.log
# Journal file: /nfs/home/a/ac_pate/COEN313/mylab2/code/vivado.jou
#-----------------------------------------------------------
start_gui
create_project lab2 /nfs/home/a/ac_pate/COEN313/mylab2/code/lab2 -part xc7a100tcsg324-1
INFO: [IP_Flow 19-234] Refreshing IP repositories
INFO: [IP_Flow 19-1704] No user IP repositories specified
INFO: [IP_Flow 19-2313] Loaded Vivado IP repository '/CMC/tools/xilinx/Vivado_2018.2/Vivado/2018.2/data/ip'.
create_project: Time (s): cpu = 00:00:09 ; elapsed = 00:00:08 . Memory (MB): peak = 6279.797 ; gain = 77.449 ; free physical = 11643 ; free virtual = 23513
set_property target_language VHDL [current_project]
add_files -norecurse {/nfs/home/a/ac_pate/COEN313/mylab2/code/sum_of_minterms.vhd /nfs/home/a/ac_pate/COEN313/mylab2/code/or3_gate.vhd /nfs/home/a/ac_pate/COEN313/mylab2/code/and3_gate.vhd}
import_files -force -norecurse
INFO: [filemgmt 20-348] Importing the appropriate files for fileset: 'sources_1'
import_files -fileset constrs_1 -force -norecurse /nfs/home/a/ac_pate/COEN313/mylab2/code/s_o_m.xdc
update_compile_order -fileset sources_1
synth_design -rtl -name rtl_1
Command: synth_design -rtl -name rtl_1
Starting synth_design
Using part: xc7a100tcsg324-1
Top: sum_of_minterms
---------------------------------------------------------------------------------
Starting RTL Elaboration : Time (s): cpu = 00:00:01 ; elapsed = 00:00:03 . Memory (MB): peak = 6353.805 ; gain = 39.992 ; free physical = 11569 ; free virtual = 23449
---------------------------------------------------------------------------------
INFO: [Synth 8-638] synthesizing module 'sum_of_minterms' [/nfs/home/a/ac_pate/COEN313/mylab2/code/lab2/lab2.srcs/sources_1/imports/code/sum_of_minterms.vhd:9]
INFO: [Synth 8-3491] module 'and3_gate' declared at '/nfs/home/a/ac_pate/COEN313/mylab2/code/lab2/lab2.srcs/sources_1/imports/code/and3_gate.vhd:3' bound to instance 'and1' of component 'and3_gate' [/nfs/home/a/ac_pate/COEN313/mylab2/code/lab2/lab2.srcs/sources_1/imports/code/sum_of_minterms.vhd:36]
INFO: [Synth 8-638] synthesizing module 'and3_gate' [/nfs/home/a/ac_pate/COEN313/mylab2/code/lab2/lab2.srcs/sources_1/imports/code/and3_gate.vhd:9]
INFO: [Synth 8-256] done synthesizing module 'and3_gate' (1#1) [/nfs/home/a/ac_pate/COEN313/mylab2/code/lab2/lab2.srcs/sources_1/imports/code/and3_gate.vhd:9]
INFO: [Synth 8-3491] module 'and3_gate' declared at '/nfs/home/a/ac_pate/COEN313/mylab2/code/lab2/lab2.srcs/sources_1/imports/code/and3_gate.vhd:3' bound to instance 'and2' of component 'and3_gate' [/nfs/home/a/ac_pate/COEN313/mylab2/code/lab2/lab2.srcs/sources_1/imports/code/sum_of_minterms.vhd:39]
INFO: [Synth 8-3491] module 'and3_gate' declared at '/nfs/home/a/ac_pate/COEN313/mylab2/code/lab2/lab2.srcs/sources_1/imports/code/and3_gate.vhd:3' bound to instance 'and3' of component 'and3_gate' [/nfs/home/a/ac_pate/COEN313/mylab2/code/lab2/lab2.srcs/sources_1/imports/code/sum_of_minterms.vhd:42]
INFO: [Synth 8-3491] module 'or3_gate' declared at '/nfs/home/a/ac_pate/COEN313/mylab2/code/lab2/lab2.srcs/sources_1/imports/code/or3_gate.vhd:3' bound to instance 'or1' of component 'or3_gate' [/nfs/home/a/ac_pate/COEN313/mylab2/code/lab2/lab2.srcs/sources_1/imports/code/sum_of_minterms.vhd:45]
INFO: [Synth 8-638] synthesizing module 'or3_gate' [/nfs/home/a/ac_pate/COEN313/mylab2/code/lab2/lab2.srcs/sources_1/imports/code/or3_gate.vhd:9]
INFO: [Synth 8-256] done synthesizing module 'or3_gate' (2#1) [/nfs/home/a/ac_pate/COEN313/mylab2/code/lab2/lab2.srcs/sources_1/imports/code/or3_gate.vhd:9]
INFO: [Synth 8-256] done synthesizing module 'sum_of_minterms' (3#1) [/nfs/home/a/ac_pate/COEN313/mylab2/code/lab2/lab2.srcs/sources_1/imports/code/sum_of_minterms.vhd:9]
---------------------------------------------------------------------------------
Finished RTL Elaboration : Time (s): cpu = 00:00:02 ; elapsed = 00:00:04 . Memory (MB): peak = 6398.852 ; gain = 85.039 ; free physical = 11581 ; free virtual = 23463
---------------------------------------------------------------------------------

Report Check Netlist: 
+------+------------------+-------+---------+-------+------------------+
|      |Item              |Errors |Warnings |Status |Description       |
+------+------------------+-------+---------+-------+------------------+
|1     |multi_driven_nets |      0|        0|Passed |Multi driven nets |
+------+------------------+-------+---------+-------+------------------+
---------------------------------------------------------------------------------
Start Handling Custom Attributes
---------------------------------------------------------------------------------
---------------------------------------------------------------------------------
Finished Handling Custom Attributes : Time (s): cpu = 00:00:03 ; elapsed = 00:00:04 . Memory (MB): peak = 6398.852 ; gain = 85.039 ; free physical = 11580 ; free virtual = 23462
---------------------------------------------------------------------------------
---------------------------------------------------------------------------------
Finished RTL Optimization Phase 1 : Time (s): cpu = 00:00:03 ; elapsed = 00:00:04 . Memory (MB): peak = 6398.852 ; gain = 85.039 ; free physical = 11580 ; free virtual = 23462
---------------------------------------------------------------------------------
INFO: [Device 21-403] Loading part xc7a100tcsg324-1
INFO: [Project 1-570] Preparing netlist for logic optimization

Processing XDC Constraints
Initializing timing engine
Parsing XDC File [/nfs/home/a/ac_pate/COEN313/mylab2/code/lab2/lab2.srcs/constrs_1/imports/code/s_o_m.xdc]
Finished Parsing XDC File [/nfs/home/a/ac_pate/COEN313/mylab2/code/lab2/lab2.srcs/constrs_1/imports/code/s_o_m.xdc]
Completed Processing XDC Constraints

INFO: [Opt 31-138] Pushed 0 inverter(s) to 0 load pin(s).
INFO: [Project 1-111] Unisim Transformation Summary:
No Unisim elements were transformed.

RTL Elaboration Complete:  : Time (s): cpu = 00:00:14 ; elapsed = 00:00:39 . Memory (MB): peak = 6803.117 ; gain = 489.305 ; free physical = 11201 ; free virtual = 23117
14 Infos, 0 Warnings, 0 Critical Warnings and 0 Errors encountered.
synth_design completed successfully
synth_design: Time (s): cpu = 00:00:14 ; elapsed = 00:00:39 . Memory (MB): peak = 6803.117 ; gain = 489.305 ; free physical = 11201 ; free virtual = 23117
write_schematic -format pdf -orientation portrait /nfs/home/a/ac_pate/COEN313/mylab2/code/schematic.pdf
/nfs/home/a/ac_pate/COEN313/mylab2/code/schematic.pdf
launch_runs synth_1 -jobs 2
[Tue May 21 20:28:35 2024] Launched synth_1...
Run output will be captured here: /nfs/home/a/ac_pate/COEN313/mylab2/code/lab2/lab2.runs/synth_1/runme.log
launch_runs impl_1 -jobs 2
[Tue May 21 20:30:44 2024] Launched impl_1...
Run output will be captured here: /nfs/home/a/ac_pate/COEN313/mylab2/code/lab2/lab2.runs/impl_1/runme.log
launch_runs impl_1 -to_step write_bitstream -jobs 2
[Tue May 21 20:32:38 2024] Launched impl_1...
Run output will be captured here: /nfs/home/a/ac_pate/COEN313/mylab2/code/lab2/lab2.runs/impl_1/runme.log
close_design
open_run impl_1
INFO: [Netlist 29-17] Analyzing 3 Unisim elements for replacement
INFO: [Netlist 29-28] Unisim Transformation completed in 0 CPU seconds
INFO: [Project 1-479] Netlist was created with Vivado 2018.2
INFO: [Project 1-570] Preparing netlist for logic optimization
INFO: [Timing 38-478] Restoring timing data from binary archive.
INFO: [Common 17-41] Interrupt caught. Command should exit soon.
INFO: [Timing 38-479] Binary timing data restore complete.
INFO: [Project 1-856] Restoring constraints from binary archive.
INFO: [Project 1-853] Binary constraint restore complete.
Reading XDEF placement.
Reading placer database...
Reading XDEF routing.
Restored from archive | CPU: 0.000000 secs | Memory: 0.016830 MB |
Finished XDEF File Restore: Time (s): cpu = 00:00:00 ; elapsed = 00:00:00 . Memory (MB): peak = 7116.262 ; gain = 0.000 ; free physical = 10756 ; free virtual = 22718
open_run: Time (s): cpu = 00:00:10 ; elapsed = 00:00:37 . Memory (MB): peak = 7116.262 ; gain = 313.137 ; free physical = 10843 ; free virtual = 22805
INFO: [Common 17-344] 'open_run' was cancelled
open_hw
connect_hw_server
INFO: [Labtools 27-2285] Connecting to hw_server url TCP:localhost:3121
INFO: [Labtools 27-2222] Launching hw_server...
INFO: [Labtools 27-2221] Launch Output:

****** Xilinx hw_server v2018.2
  **** Build date : Jun 14 2018-20:18:37
    ** Copyright 1986-2018 Xilinx, Inc. All Rights Reserved.


open_hw_target
INFO: [Labtoolstcl 44-466] Opening hw_target localhost:3121/xilinx_tcf/Digilent/210292ABF55AA
set_property PROGRAM.FILE {/nfs/home/a/ac_pate/COEN313/mylab2/code/lab2/lab2.runs/impl_1/sum_of_minterms.bit} [get_hw_devices xc7a100t_0]
current_hw_device [get_hw_devices xc7a100t_0]
refresh_hw_device -update_hw_probes false [lindex [get_hw_devices xc7a100t_0] 0]
INFO: [Labtools 27-1435] Device xc7a100t (JTAG device index = 0) is not programmed (DONE status = 0).
refresh_hw_device [lindex [get_hw_devices xc7a100t_0] 0]
INFO: [Labtools 27-1435] Device xc7a100t (JTAG device index = 0) is not programmed (DONE status = 0).
set_property PROBES.FILE {} [get_hw_devices xc7a100t_0]
set_property FULL_PROBES.FILE {} [get_hw_devices xc7a100t_0]
set_property PROGRAM.FILE {/nfs/home/a/ac_pate/COEN313/mylab2/code/lab2/lab2.runs/impl_1/sum_of_minterms.bit} [get_hw_devices xc7a100t_0]
program_hw_devices [get_hw_devices xc7a100t_0]
INFO: [Labtools 27-3164] End of startup status: HIGH
refresh_hw_device [lindex [get_hw_devices xc7a100t_0] 0]
INFO: [Labtools 27-1434] Device xc7a100t (JTAG device index = 0) is programmed with a design that has no supported debug core(s) in it.
WARNING: [Labtools 27-3361] The debug hub core was not detected.
Resolution: 
1. Make sure the clock connected to the debug hub (dbg_hub) core is a free running clock and is active.
2. Make sure the BSCAN_SWITCH_USER_MASK device property in Vivado Hardware Manager reflects the user scan chain setting in the design and refresh the device.  To determine the user scan chain setting in the design, open the implemented design and use 'get_property C_USER_SCAN_CHAIN [get_debug_cores dbg_hub]'.
For more details on setting the scan chain property, consult the Vivado Debug and Programming User Guide (UG908).
ERROR: [Labtoolstcl 44-513] HW Target shutdown. Closing target: localhost:3121/xilinx_tcf/Digilent/210292ABF55AA
