
*** Running vivado
    with args -log lab4.vds -m64 -product Vivado -mode batch -messageDb vivado.pb -notrace -source lab4.tcl


****** Vivado v2018.2 (64-bit)
  **** SW Build 2258646 on Thu Jun 14 20:02:38 MDT 2018
  **** IP Build 2256618 on Thu Jun 14 22:10:49 MDT 2018
    ** Copyright 1986-2018 Xilinx, Inc. All Rights Reserved.

source lab4.tcl -notrace
Command: synth_design -top lab4 -part xc7a100tcsg324-1
Starting synth_design
Attempting to get a license for feature 'Synthesis' and/or device 'xc7a100t'
INFO: [Common 17-349] Got license for feature 'Synthesis' and/or device 'xc7a100t'
INFO: Launching helper process for spawning children vivado processes
INFO: Helper process launched with PID 14055 
---------------------------------------------------------------------------------
Starting RTL Elaboration : Time (s): cpu = 00:00:01 ; elapsed = 00:00:02 . Memory (MB): peak = 1402.578 ; gain = 86.805 ; free physical = 6558 ; free virtual = 18983
---------------------------------------------------------------------------------
INFO: [Synth 8-638] synthesizing module 'lab4' [/nfs/home/a/ac_pate/COEN313/Basic-FPGA-Projects/nbit-shift-register-value-comparator/comparator/comparator.srcs/sources_1/imports/nbit-shift-register-value-comparator/4bit_comparator.vhd:17]
INFO: [Synth 8-226] default block is never used [/nfs/home/a/ac_pate/COEN313/Basic-FPGA-Projects/nbit-shift-register-value-comparator/comparator/comparator.srcs/sources_1/imports/nbit-shift-register-value-comparator/4bit_comparator.vhd:105]
INFO: [Synth 8-256] done synthesizing module 'lab4' (1#1) [/nfs/home/a/ac_pate/COEN313/Basic-FPGA-Projects/nbit-shift-register-value-comparator/comparator/comparator.srcs/sources_1/imports/nbit-shift-register-value-comparator/4bit_comparator.vhd:17]
---------------------------------------------------------------------------------
Finished RTL Elaboration : Time (s): cpu = 00:00:02 ; elapsed = 00:00:04 . Memory (MB): peak = 1446.219 ; gain = 130.445 ; free physical = 6570 ; free virtual = 18995
---------------------------------------------------------------------------------

Report Check Netlist: 
+------+------------------+-------+---------+-------+------------------+
|      |Item              |Errors |Warnings |Status |Description       |
+------+------------------+-------+---------+-------+------------------+
|1     |multi_driven_nets |      0|        0|Passed |Multi driven nets |
+------+------------------+-------+---------+-------+------------------+
---------------------------------------------------------------------------------
Start Handling Custom Attributes
---------------------------------------------------------------------------------
---------------------------------------------------------------------------------
Finished Handling Custom Attributes : Time (s): cpu = 00:00:02 ; elapsed = 00:00:04 . Memory (MB): peak = 1446.219 ; gain = 130.445 ; free physical = 6570 ; free virtual = 18994
---------------------------------------------------------------------------------
---------------------------------------------------------------------------------
Finished RTL Optimization Phase 1 : Time (s): cpu = 00:00:02 ; elapsed = 00:00:04 . Memory (MB): peak = 1446.219 ; gain = 130.445 ; free physical = 6570 ; free virtual = 18994
---------------------------------------------------------------------------------
INFO: [Device 21-403] Loading part xc7a100tcsg324-1
INFO: [Project 1-570] Preparing netlist for logic optimization

Processing XDC Constraints
Initializing timing engine
Parsing XDC File [/nfs/home/a/ac_pate/COEN313/Basic-FPGA-Projects/nbit-shift-register-value-comparator/comparator/comparator.srcs/constrs_1/imports/nbit-shift-register-value-comparator/comparator.xdc]
Finished Parsing XDC File [/nfs/home/a/ac_pate/COEN313/Basic-FPGA-Projects/nbit-shift-register-value-comparator/comparator/comparator.srcs/constrs_1/imports/nbit-shift-register-value-comparator/comparator.xdc]
INFO: [Project 1-236] Implementation specific constraints were found while reading constraint file [/nfs/home/a/ac_pate/COEN313/Basic-FPGA-Projects/nbit-shift-register-value-comparator/comparator/comparator.srcs/constrs_1/imports/nbit-shift-register-value-comparator/comparator.xdc]. These constraints will be ignored for synthesis but will be used in implementation. Impacted constraints are listed in the file [.Xil/lab4_propImpl.xdc].
Resolution: To avoid this warning, move constraints listed in [.Xil/lab4_propImpl.xdc] to another XDC file and exclude this new file from synthesis with the used_in_synthesis property (File Properties dialog in GUI) and re-run elaboration/synthesis.
Completed Processing XDC Constraints

INFO: [Project 1-111] Unisim Transformation Summary:
No Unisim elements were transformed.

Constraint Validation Runtime : Time (s): cpu = 00:00:00 ; elapsed = 00:00:00 . Memory (MB): peak = 1826.980 ; gain = 0.000 ; free physical = 6233 ; free virtual = 18658
---------------------------------------------------------------------------------
Finished Constraint Validation : Time (s): cpu = 00:00:10 ; elapsed = 00:00:38 . Memory (MB): peak = 1826.980 ; gain = 511.207 ; free physical = 6383 ; free virtual = 18807
---------------------------------------------------------------------------------
---------------------------------------------------------------------------------
Start Loading Part and Timing Information
---------------------------------------------------------------------------------
Loading part: xc7a100tcsg324-1
---------------------------------------------------------------------------------
Finished Loading Part and Timing Information : Time (s): cpu = 00:00:10 ; elapsed = 00:00:38 . Memory (MB): peak = 1826.980 ; gain = 511.207 ; free physical = 6383 ; free virtual = 18807
---------------------------------------------------------------------------------
---------------------------------------------------------------------------------
Start Applying 'set_property' XDC Constraints
---------------------------------------------------------------------------------
---------------------------------------------------------------------------------
Finished applying 'set_property' XDC Constraints : Time (s): cpu = 00:00:10 ; elapsed = 00:00:38 . Memory (MB): peak = 1826.980 ; gain = 511.207 ; free physical = 6385 ; free virtual = 18809
---------------------------------------------------------------------------------
---------------------------------------------------------------------------------
Finished RTL Optimization Phase 2 : Time (s): cpu = 00:00:10 ; elapsed = 00:00:38 . Memory (MB): peak = 1826.980 ; gain = 511.207 ; free physical = 6375 ; free virtual = 18800
---------------------------------------------------------------------------------

Report RTL Partitions: 
+-+--------------+------------+----------+
| |RTL Partition |Replication |Instances |
+-+--------------+------------+----------+
+-+--------------+------------+----------+
---------------------------------------------------------------------------------
Start RTL Component Statistics 
---------------------------------------------------------------------------------
Detailed RTL Component Info : 
+---Registers : 
	                4 Bit    Registers := 6     
+---Muxes : 
	   2 Input      4 Bit        Muxes := 8     
	   4 Input      4 Bit        Muxes := 1     
---------------------------------------------------------------------------------
Finished RTL Component Statistics 
---------------------------------------------------------------------------------
---------------------------------------------------------------------------------
Start RTL Hierarchical Component Statistics 
---------------------------------------------------------------------------------
Hierarchical RTL Component report 
Module lab4 
Detailed RTL Component Info : 
+---Registers : 
	                4 Bit    Registers := 6     
+---Muxes : 
	   2 Input      4 Bit        Muxes := 8     
	   4 Input      4 Bit        Muxes := 1     
---------------------------------------------------------------------------------
Finished RTL Hierarchical Component Statistics
---------------------------------------------------------------------------------
---------------------------------------------------------------------------------
Start Part Resource Summary
---------------------------------------------------------------------------------
Part Resources:
DSPs: 240 (col length:80)
BRAMs: 270 (col length: RAMB18 80 RAMB36 40)
---------------------------------------------------------------------------------
Finished Part Resource Summary
---------------------------------------------------------------------------------
---------------------------------------------------------------------------------
Start Cross Boundary and Area Optimization
---------------------------------------------------------------------------------
Warning: Parallel synthesis criteria is not met 
---------------------------------------------------------------------------------
Finished Cross Boundary and Area Optimization : Time (s): cpu = 00:00:10 ; elapsed = 00:00:39 . Memory (MB): peak = 1826.980 ; gain = 511.207 ; free physical = 6364 ; free virtual = 18791
---------------------------------------------------------------------------------

Report RTL Partitions: 
+-+--------------+------------+----------+
| |RTL Partition |Replication |Instances |
+-+--------------+------------+----------+
+-+--------------+------------+----------+
---------------------------------------------------------------------------------
Start Applying XDC Timing Constraints
---------------------------------------------------------------------------------
---------------------------------------------------------------------------------
Finished Applying XDC Timing Constraints : Time (s): cpu = 00:00:15 ; elapsed = 00:00:49 . Memory (MB): peak = 1826.980 ; gain = 511.207 ; free physical = 6242 ; free virtual = 18668
---------------------------------------------------------------------------------
---------------------------------------------------------------------------------
Start Timing Optimization
---------------------------------------------------------------------------------
---------------------------------------------------------------------------------
Finished Timing Optimization : Time (s): cpu = 00:00:15 ; elapsed = 00:00:49 . Memory (MB): peak = 1826.980 ; gain = 511.207 ; free physical = 6242 ; free virtual = 18668
---------------------------------------------------------------------------------

Report RTL Partitions: 
+-+--------------+------------+----------+
| |RTL Partition |Replication |Instances |
+-+--------------+------------+----------+
+-+--------------+------------+----------+
---------------------------------------------------------------------------------
Start Technology Mapping
---------------------------------------------------------------------------------
---------------------------------------------------------------------------------
Finished Technology Mapping : Time (s): cpu = 00:00:15 ; elapsed = 00:00:49 . Memory (MB): peak = 1826.980 ; gain = 511.207 ; free physical = 6240 ; free virtual = 18666
---------------------------------------------------------------------------------

Report RTL Partitions: 
+-+--------------+------------+----------+
| |RTL Partition |Replication |Instances |
+-+--------------+------------+----------+
+-+--------------+------------+----------+
---------------------------------------------------------------------------------
Start IO Insertion
---------------------------------------------------------------------------------
---------------------------------------------------------------------------------
Start Flattening Before IO Insertion
---------------------------------------------------------------------------------
---------------------------------------------------------------------------------
Finished Flattening Before IO Insertion
---------------------------------------------------------------------------------
---------------------------------------------------------------------------------
Start Final Netlist Cleanup
---------------------------------------------------------------------------------
---------------------------------------------------------------------------------
Finished Final Netlist Cleanup
---------------------------------------------------------------------------------
---------------------------------------------------------------------------------
Finished IO Insertion : Time (s): cpu = 00:00:16 ; elapsed = 00:00:50 . Memory (MB): peak = 1826.980 ; gain = 511.207 ; free physical = 6240 ; free virtual = 18666
---------------------------------------------------------------------------------

Report Check Netlist: 
+------+------------------+-------+---------+-------+------------------+
|      |Item              |Errors |Warnings |Status |Description       |
+------+------------------+-------+---------+-------+------------------+
|1     |multi_driven_nets |      0|        0|Passed |Multi driven nets |
+------+------------------+-------+---------+-------+------------------+
---------------------------------------------------------------------------------
Start Renaming Generated Instances
---------------------------------------------------------------------------------
---------------------------------------------------------------------------------
Finished Renaming Generated Instances : Time (s): cpu = 00:00:16 ; elapsed = 00:00:50 . Memory (MB): peak = 1826.980 ; gain = 511.207 ; free physical = 6240 ; free virtual = 18666
---------------------------------------------------------------------------------

Report RTL Partitions: 
+-+--------------+------------+----------+
| |RTL Partition |Replication |Instances |
+-+--------------+------------+----------+
+-+--------------+------------+----------+
---------------------------------------------------------------------------------
Start Rebuilding User Hierarchy
---------------------------------------------------------------------------------
---------------------------------------------------------------------------------
Finished Rebuilding User Hierarchy : Time (s): cpu = 00:00:16 ; elapsed = 00:00:50 . Memory (MB): peak = 1826.980 ; gain = 511.207 ; free physical = 6240 ; free virtual = 18666
---------------------------------------------------------------------------------
---------------------------------------------------------------------------------
Start Renaming Generated Ports
---------------------------------------------------------------------------------
---------------------------------------------------------------------------------
Finished Renaming Generated Ports : Time (s): cpu = 00:00:16 ; elapsed = 00:00:50 . Memory (MB): peak = 1826.980 ; gain = 511.207 ; free physical = 6240 ; free virtual = 18666
---------------------------------------------------------------------------------
---------------------------------------------------------------------------------
Start Handling Custom Attributes
---------------------------------------------------------------------------------
---------------------------------------------------------------------------------
Finished Handling Custom Attributes : Time (s): cpu = 00:00:16 ; elapsed = 00:00:50 . Memory (MB): peak = 1826.980 ; gain = 511.207 ; free physical = 6240 ; free virtual = 18666
---------------------------------------------------------------------------------
---------------------------------------------------------------------------------
Start Renaming Generated Nets
---------------------------------------------------------------------------------
---------------------------------------------------------------------------------
Finished Renaming Generated Nets : Time (s): cpu = 00:00:16 ; elapsed = 00:00:50 . Memory (MB): peak = 1826.980 ; gain = 511.207 ; free physical = 6240 ; free virtual = 18666
---------------------------------------------------------------------------------
---------------------------------------------------------------------------------
Start Writing Synthesis Report
---------------------------------------------------------------------------------

Report BlackBoxes: 
+-+--------------+----------+
| |BlackBox name |Instances |
+-+--------------+----------+
+-+--------------+----------+

Report Cell Usage: 
+------+-----+------+
|      |Cell |Count |
+------+-----+------+
|1     |BUFG |     1|
|2     |LUT2 |     2|
|3     |LUT3 |     2|
|4     |LUT4 |     2|
|5     |LUT5 |     4|
|6     |LUT6 |    25|
|7     |FDCE |    16|
|8     |FDPE |     8|
|9     |IBUF |     8|
|10    |OBUF |    12|
+------+-----+------+

Report Instance Areas: 
+------+---------+-------+------+
|      |Instance |Module |Cells |
+------+---------+-------+------+
|1     |top      |       |    80|
+------+---------+-------+------+
---------------------------------------------------------------------------------
Finished Writing Synthesis Report : Time (s): cpu = 00:00:16 ; elapsed = 00:00:50 . Memory (MB): peak = 1826.980 ; gain = 511.207 ; free physical = 6240 ; free virtual = 18666
---------------------------------------------------------------------------------
Synthesis finished with 0 errors, 0 critical warnings and 0 warnings.
Synthesis Optimization Runtime : Time (s): cpu = 00:00:09 ; elapsed = 00:00:18 . Memory (MB): peak = 1826.980 ; gain = 130.445 ; free physical = 6295 ; free virtual = 18721
Synthesis Optimization Complete : Time (s): cpu = 00:00:16 ; elapsed = 00:00:50 . Memory (MB): peak = 1826.980 ; gain = 511.207 ; free physical = 6306 ; free virtual = 18732
INFO: [Project 1-571] Translating synthesized netlist
INFO: [Netlist 29-17] Analyzing 8 Unisim elements for replacement
INFO: [Netlist 29-28] Unisim Transformation completed in 0 CPU seconds
INFO: [Project 1-570] Preparing netlist for logic optimization
INFO: [Opt 31-138] Pushed 0 inverter(s) to 0 load pin(s).
INFO: [Project 1-111] Unisim Transformation Summary:
No Unisim elements were transformed.

INFO: [Common 17-83] Releasing license: Synthesis
15 Infos, 0 Warnings, 0 Critical Warnings and 0 Errors encountered.
synth_design completed successfully
synth_design: Time (s): cpu = 00:00:17 ; elapsed = 00:00:51 . Memory (MB): peak = 1826.984 ; gain = 523.859 ; free physical = 6291 ; free virtual = 18717
WARNING: [Constraints 18-5210] No constraint will be written out.
INFO: [Common 17-1381] The checkpoint '/nfs/home/a/ac_pate/COEN313/Basic-FPGA-Projects/nbit-shift-register-value-comparator/comparator/comparator.runs/synth_1/lab4.dcp' has been generated.
INFO: [runtcl-4] Executing : report_utilization -file lab4_utilization_synth.rpt -pb lab4_utilization_synth.pb
report_utilization: Time (s): cpu = 00:00:00.09 ; elapsed = 00:00:00.15 . Memory (MB): peak = 1851.004 ; gain = 0.000 ; free physical = 6293 ; free virtual = 18719
INFO: [Common 17-206] Exiting Vivado at Tue Jun 11 20:40:33 2024...
