
*** Running vivado
    with args -log sum_of_minterms.vds -m64 -product Vivado -mode batch -messageDb vivado.pb -notrace -source sum_of_minterms.tcl


****** Vivado v2018.2 (64-bit)
  **** SW Build 2258646 on Thu Jun 14 20:02:38 MDT 2018
  **** IP Build 2256618 on Thu Jun 14 22:10:49 MDT 2018
    ** Copyright 1986-2018 Xilinx, Inc. All Rights Reserved.

source sum_of_minterms.tcl -notrace
Command: synth_design -top sum_of_minterms -part xc7a100tcsg324-1
Starting synth_design
Attempting to get a license for feature 'Synthesis' and/or device 'xc7a100t'
INFO: [Common 17-349] Got license for feature 'Synthesis' and/or device 'xc7a100t'
INFO: Launching helper process for spawning children vivado processes
INFO: Helper process launched with PID 10693 
---------------------------------------------------------------------------------
Starting RTL Elaboration : Time (s): cpu = 00:00:01 ; elapsed = 00:00:03 . Memory (MB): peak = 1401.586 ; gain = 85.805 ; free physical = 10844 ; free virtual = 22766
---------------------------------------------------------------------------------
INFO: [Synth 8-638] synthesizing module 'sum_of_minterms' [/nfs/home/a/ac_pate/COEN313/mylab2/code/lab2/lab2.srcs/sources_1/imports/code/sum_of_minterms.vhd:9]
INFO: [Synth 8-3491] module 'and3_gate' declared at '/nfs/home/a/ac_pate/COEN313/mylab2/code/lab2/lab2.srcs/sources_1/imports/code/and3_gate.vhd:3' bound to instance 'and1' of component 'and3_gate' [/nfs/home/a/ac_pate/COEN313/mylab2/code/lab2/lab2.srcs/sources_1/imports/code/sum_of_minterms.vhd:36]
INFO: [Synth 8-638] synthesizing module 'and3_gate' [/nfs/home/a/ac_pate/COEN313/mylab2/code/lab2/lab2.srcs/sources_1/imports/code/and3_gate.vhd:9]
INFO: [Synth 8-256] done synthesizing module 'and3_gate' (1#1) [/nfs/home/a/ac_pate/COEN313/mylab2/code/lab2/lab2.srcs/sources_1/imports/code/and3_gate.vhd:9]
INFO: [Synth 8-3491] module 'and3_gate' declared at '/nfs/home/a/ac_pate/COEN313/mylab2/code/lab2/lab2.srcs/sources_1/imports/code/and3_gate.vhd:3' bound to instance 'and2' of component 'and3_gate' [/nfs/home/a/ac_pate/COEN313/mylab2/code/lab2/lab2.srcs/sources_1/imports/code/sum_of_minterms.vhd:39]
INFO: [Synth 8-3491] module 'and3_gate' declared at '/nfs/home/a/ac_pate/COEN313/mylab2/code/lab2/lab2.srcs/sources_1/imports/code/and3_gate.vhd:3' bound to instance 'and3' of component 'and3_gate' [/nfs/home/a/ac_pate/COEN313/mylab2/code/lab2/lab2.srcs/sources_1/imports/code/sum_of_minterms.vhd:42]
INFO: [Synth 8-3491] module 'or3_gate' declared at '/nfs/home/a/ac_pate/COEN313/mylab2/code/lab2/lab2.srcs/sources_1/imports/code/or3_gate.vhd:3' bound to instance 'or1' of component 'or3_gate' [/nfs/home/a/ac_pate/COEN313/mylab2/code/lab2/lab2.srcs/sources_1/imports/code/sum_of_minterms.vhd:45]
INFO: [Synth 8-638] synthesizing module 'or3_gate' [/nfs/home/a/ac_pate/COEN313/mylab2/code/lab2/lab2.srcs/sources_1/imports/code/or3_gate.vhd:9]
INFO: [Synth 8-256] done synthesizing module 'or3_gate' (2#1) [/nfs/home/a/ac_pate/COEN313/mylab2/code/lab2/lab2.srcs/sources_1/imports/code/or3_gate.vhd:9]
INFO: [Synth 8-256] done synthesizing module 'sum_of_minterms' (3#1) [/nfs/home/a/ac_pate/COEN313/mylab2/code/lab2/lab2.srcs/sources_1/imports/code/sum_of_minterms.vhd:9]
---------------------------------------------------------------------------------
Finished RTL Elaboration : Time (s): cpu = 00:00:02 ; elapsed = 00:00:04 . Memory (MB): peak = 1446.227 ; gain = 130.445 ; free physical = 10857 ; free virtual = 22779
---------------------------------------------------------------------------------

Report Check Netlist: 
+------+------------------+-------+---------+-------+------------------+
|      |Item              |Errors |Warnings |Status |Description       |
+------+------------------+-------+---------+-------+------------------+
|1     |multi_driven_nets |      0|        0|Passed |Multi driven nets |
+------+------------------+-------+---------+-------+------------------+
---------------------------------------------------------------------------------
Start Handling Custom Attributes
---------------------------------------------------------------------------------
---------------------------------------------------------------------------------
Finished Handling Custom Attributes : Time (s): cpu = 00:00:02 ; elapsed = 00:00:04 . Memory (MB): peak = 1446.227 ; gain = 130.445 ; free physical = 10857 ; free virtual = 22779
---------------------------------------------------------------------------------
---------------------------------------------------------------------------------
Finished RTL Optimization Phase 1 : Time (s): cpu = 00:00:02 ; elapsed = 00:00:04 . Memory (MB): peak = 1446.227 ; gain = 130.445 ; free physical = 10857 ; free virtual = 22779
---------------------------------------------------------------------------------
INFO: [Device 21-403] Loading part xc7a100tcsg324-1
INFO: [Project 1-570] Preparing netlist for logic optimization

Processing XDC Constraints
Initializing timing engine
Parsing XDC File [/nfs/home/a/ac_pate/COEN313/mylab2/code/lab2/lab2.srcs/constrs_1/imports/code/s_o_m.xdc]
Finished Parsing XDC File [/nfs/home/a/ac_pate/COEN313/mylab2/code/lab2/lab2.srcs/constrs_1/imports/code/s_o_m.xdc]
INFO: [Project 1-236] Implementation specific constraints were found while reading constraint file [/nfs/home/a/ac_pate/COEN313/mylab2/code/lab2/lab2.srcs/constrs_1/imports/code/s_o_m.xdc]. These constraints will be ignored for synthesis but will be used in implementation. Impacted constraints are listed in the file [.Xil/sum_of_minterms_propImpl.xdc].
Resolution: To avoid this warning, move constraints listed in [.Xil/sum_of_minterms_propImpl.xdc] to another XDC file and exclude this new file from synthesis with the used_in_synthesis property (File Properties dialog in GUI) and re-run elaboration/synthesis.
Completed Processing XDC Constraints

INFO: [Project 1-111] Unisim Transformation Summary:
No Unisim elements were transformed.

Constraint Validation Runtime : Time (s): cpu = 00:00:00 ; elapsed = 00:00:00 . Memory (MB): peak = 1797.973 ; gain = 0.000 ; free physical = 10552 ; free virtual = 22476
---------------------------------------------------------------------------------
Finished Constraint Validation : Time (s): cpu = 00:00:10 ; elapsed = 00:00:41 . Memory (MB): peak = 1797.973 ; gain = 482.191 ; free physical = 10675 ; free virtual = 22599
---------------------------------------------------------------------------------
---------------------------------------------------------------------------------
Start Loading Part and Timing Information
---------------------------------------------------------------------------------
Loading part: xc7a100tcsg324-1
---------------------------------------------------------------------------------
Finished Loading Part and Timing Information : Time (s): cpu = 00:00:10 ; elapsed = 00:00:41 . Memory (MB): peak = 1797.973 ; gain = 482.191 ; free physical = 10675 ; free virtual = 22599
---------------------------------------------------------------------------------
---------------------------------------------------------------------------------
Start Applying 'set_property' XDC Constraints
---------------------------------------------------------------------------------
---------------------------------------------------------------------------------
Finished applying 'set_property' XDC Constraints : Time (s): cpu = 00:00:10 ; elapsed = 00:00:41 . Memory (MB): peak = 1797.973 ; gain = 482.191 ; free physical = 10675 ; free virtual = 22599
---------------------------------------------------------------------------------
---------------------------------------------------------------------------------
Finished RTL Optimization Phase 2 : Time (s): cpu = 00:00:10 ; elapsed = 00:00:41 . Memory (MB): peak = 1797.973 ; gain = 482.191 ; free physical = 10676 ; free virtual = 22600
---------------------------------------------------------------------------------

Report RTL Partitions: 
+-+--------------+------------+----------+
| |RTL Partition |Replication |Instances |
+-+--------------+------------+----------+
+-+--------------+------------+----------+
---------------------------------------------------------------------------------
Start RTL Component Statistics 
---------------------------------------------------------------------------------
Detailed RTL Component Info : 
---------------------------------------------------------------------------------
Finished RTL Component Statistics 
---------------------------------------------------------------------------------
---------------------------------------------------------------------------------
Start RTL Hierarchical Component Statistics 
---------------------------------------------------------------------------------
Hierarchical RTL Component report 
---------------------------------------------------------------------------------
Finished RTL Hierarchical Component Statistics
---------------------------------------------------------------------------------
---------------------------------------------------------------------------------
Start Part Resource Summary
---------------------------------------------------------------------------------
Part Resources:
DSPs: 240 (col length:80)
BRAMs: 270 (col length: RAMB18 80 RAMB36 40)
---------------------------------------------------------------------------------
Finished Part Resource Summary
---------------------------------------------------------------------------------
---------------------------------------------------------------------------------
Start Cross Boundary and Area Optimization
---------------------------------------------------------------------------------
Warning: Parallel synthesis criteria is not met 
---------------------------------------------------------------------------------
Finished Cross Boundary and Area Optimization : Time (s): cpu = 00:00:10 ; elapsed = 00:00:42 . Memory (MB): peak = 1797.973 ; gain = 482.191 ; free physical = 10665 ; free virtual = 22590
---------------------------------------------------------------------------------

Report RTL Partitions: 
+-+--------------+------------+----------+
| |RTL Partition |Replication |Instances |
+-+--------------+------------+----------+
+-+--------------+------------+----------+
---------------------------------------------------------------------------------
Start Applying XDC Timing Constraints
---------------------------------------------------------------------------------
---------------------------------------------------------------------------------
Finished Applying XDC Timing Constraints : Time (s): cpu = 00:00:15 ; elapsed = 00:00:53 . Memory (MB): peak = 1797.973 ; gain = 482.191 ; free physical = 10538 ; free virtual = 22470
---------------------------------------------------------------------------------
---------------------------------------------------------------------------------
Start Timing Optimization
---------------------------------------------------------------------------------
---------------------------------------------------------------------------------
Finished Timing Optimization : Time (s): cpu = 00:00:15 ; elapsed = 00:00:53 . Memory (MB): peak = 1797.973 ; gain = 482.191 ; free physical = 10538 ; free virtual = 22470
---------------------------------------------------------------------------------

Report RTL Partitions: 
+-+--------------+------------+----------+
| |RTL Partition |Replication |Instances |
+-+--------------+------------+----------+
+-+--------------+------------+----------+
---------------------------------------------------------------------------------
Start Technology Mapping
---------------------------------------------------------------------------------
---------------------------------------------------------------------------------
Finished Technology Mapping : Time (s): cpu = 00:00:15 ; elapsed = 00:00:53 . Memory (MB): peak = 1797.973 ; gain = 482.191 ; free physical = 10538 ; free virtual = 22470
---------------------------------------------------------------------------------

Report RTL Partitions: 
+-+--------------+------------+----------+
| |RTL Partition |Replication |Instances |
+-+--------------+------------+----------+
+-+--------------+------------+----------+
---------------------------------------------------------------------------------
Start IO Insertion
---------------------------------------------------------------------------------
---------------------------------------------------------------------------------
Start Flattening Before IO Insertion
---------------------------------------------------------------------------------
---------------------------------------------------------------------------------
Finished Flattening Before IO Insertion
---------------------------------------------------------------------------------
---------------------------------------------------------------------------------
Start Final Netlist Cleanup
---------------------------------------------------------------------------------
---------------------------------------------------------------------------------
Finished Final Netlist Cleanup
---------------------------------------------------------------------------------
---------------------------------------------------------------------------------
Finished IO Insertion : Time (s): cpu = 00:00:15 ; elapsed = 00:00:53 . Memory (MB): peak = 1797.973 ; gain = 482.191 ; free physical = 10537 ; free virtual = 22470
---------------------------------------------------------------------------------

Report Check Netlist: 
+------+------------------+-------+---------+-------+------------------+
|      |Item              |Errors |Warnings |Status |Description       |
+------+------------------+-------+---------+-------+------------------+
|1     |multi_driven_nets |      0|        0|Passed |Multi driven nets |
+------+------------------+-------+---------+-------+------------------+
---------------------------------------------------------------------------------
Start Renaming Generated Instances
---------------------------------------------------------------------------------
---------------------------------------------------------------------------------
Finished Renaming Generated Instances : Time (s): cpu = 00:00:15 ; elapsed = 00:00:53 . Memory (MB): peak = 1797.973 ; gain = 482.191 ; free physical = 10537 ; free virtual = 22470
---------------------------------------------------------------------------------

Report RTL Partitions: 
+-+--------------+------------+----------+
| |RTL Partition |Replication |Instances |
+-+--------------+------------+----------+
+-+--------------+------------+----------+
---------------------------------------------------------------------------------
Start Rebuilding User Hierarchy
---------------------------------------------------------------------------------
---------------------------------------------------------------------------------
Finished Rebuilding User Hierarchy : Time (s): cpu = 00:00:15 ; elapsed = 00:00:53 . Memory (MB): peak = 1797.973 ; gain = 482.191 ; free physical = 10537 ; free virtual = 22470
---------------------------------------------------------------------------------
---------------------------------------------------------------------------------
Start Renaming Generated Ports
---------------------------------------------------------------------------------
---------------------------------------------------------------------------------
Finished Renaming Generated Ports : Time (s): cpu = 00:00:15 ; elapsed = 00:00:53 . Memory (MB): peak = 1797.973 ; gain = 482.191 ; free physical = 10537 ; free virtual = 22470
---------------------------------------------------------------------------------
---------------------------------------------------------------------------------
Start Handling Custom Attributes
---------------------------------------------------------------------------------
---------------------------------------------------------------------------------
Finished Handling Custom Attributes : Time (s): cpu = 00:00:15 ; elapsed = 00:00:53 . Memory (MB): peak = 1797.973 ; gain = 482.191 ; free physical = 10537 ; free virtual = 22470
---------------------------------------------------------------------------------
---------------------------------------------------------------------------------
Start Renaming Generated Nets
---------------------------------------------------------------------------------
---------------------------------------------------------------------------------
Finished Renaming Generated Nets : Time (s): cpu = 00:00:15 ; elapsed = 00:00:53 . Memory (MB): peak = 1797.973 ; gain = 482.191 ; free physical = 10537 ; free virtual = 22470
---------------------------------------------------------------------------------
---------------------------------------------------------------------------------
Start Writing Synthesis Report
---------------------------------------------------------------------------------

Report BlackBoxes: 
+-+--------------+----------+
| |BlackBox name |Instances |
+-+--------------+----------+
+-+--------------+----------+

Report Cell Usage: 
+------+-----+------+
|      |Cell |Count |
+------+-----+------+
|1     |LUT3 |     1|
|2     |IBUF |     3|
|3     |OBUF |     1|
+------+-----+------+

Report Instance Areas: 
+------+---------+---------+------+
|      |Instance |Module   |Cells |
+------+---------+---------+------+
|1     |top      |         |     5|
|2     |  or1    |or3_gate |     1|
+------+---------+---------+------+
---------------------------------------------------------------------------------
Finished Writing Synthesis Report : Time (s): cpu = 00:00:15 ; elapsed = 00:00:53 . Memory (MB): peak = 1797.973 ; gain = 482.191 ; free physical = 10537 ; free virtual = 22470
---------------------------------------------------------------------------------
Synthesis finished with 0 errors, 0 critical warnings and 0 warnings.
Synthesis Optimization Runtime : Time (s): cpu = 00:00:09 ; elapsed = 00:00:20 . Memory (MB): peak = 1797.973 ; gain = 130.445 ; free physical = 10592 ; free virtual = 22524
Synthesis Optimization Complete : Time (s): cpu = 00:00:15 ; elapsed = 00:00:53 . Memory (MB): peak = 1797.973 ; gain = 482.191 ; free physical = 10603 ; free virtual = 22535
INFO: [Project 1-571] Translating synthesized netlist
INFO: [Netlist 29-17] Analyzing 3 Unisim elements for replacement
INFO: [Netlist 29-28] Unisim Transformation completed in 0 CPU seconds
INFO: [Project 1-570] Preparing netlist for logic optimization
INFO: [Opt 31-138] Pushed 0 inverter(s) to 0 load pin(s).
INFO: [Project 1-111] Unisim Transformation Summary:
No Unisim elements were transformed.

INFO: [Common 17-83] Releasing license: Synthesis
22 Infos, 0 Warnings, 0 Critical Warnings and 0 Errors encountered.
synth_design completed successfully
synth_design: Time (s): cpu = 00:00:17 ; elapsed = 00:00:54 . Memory (MB): peak = 1797.973 ; gain = 494.840 ; free physical = 10580 ; free virtual = 22512
WARNING: [Constraints 18-5210] No constraint will be written out.
INFO: [Common 17-1381] The checkpoint '/nfs/home/a/ac_pate/COEN313/mylab2/code/lab2/lab2.runs/synth_1/sum_of_minterms.dcp' has been generated.
INFO: [runtcl-4] Executing : report_utilization -file sum_of_minterms_utilization_synth.rpt -pb sum_of_minterms_utilization_synth.pb
report_utilization: Time (s): cpu = 00:00:00.05 ; elapsed = 00:00:00.12 . Memory (MB): peak = 1797.973 ; gain = 0.000 ; free physical = 10581 ; free virtual = 22514
INFO: [Common 17-206] Exiting Vivado at Tue May 21 20:29:43 2024...
