     1                                  ; Ted Obuchowicz
     2                                  
     3                                  
     4                                  section .data
     5                                  
     6                                  ; put your data in this section using
     7                                  ; db , dw, dd directions
     8                                  
     9                                  
    10                                  section .bss
    11                                  
    12                                  ; put UNINITIALIZED data here using
    13                                  ; sum resb 5 format (read as sum reserve bytes 5 
    14                                  ; if you're curious bss stands for Block Started by Symbol
    15                                  
    16                                   
    17                                  section .text
    18                                          global _start
    19                                  
    20                                  _start:
    21                                          ; put your code here   THIS IS THE FIRST ASSEMBLY LANGUAGE INSTRUCTION
    22                                  keith:  ; THIS IS THE SECOND ASSEMBLY LANGUAGE INSTRUCTION  
    23                                          ; 
    24                                          ; THE REST OF THE PROGRAM IS ENTERED HERE
    25                                  
    26 00000000 B801000000                      mov eax,1            ; The system call for exit (sys_exit)
    27 00000005 BB00000000                      mov ebx,0            ; Exit with return code of 0 (no error)
    28 0000000A CD80                            int 80h
    29                                  
